<?xml version="1.0" encoding="UTF-8"?>
<!-- Generated by org.testng.reporters.JUnitReportReporter -->
<testsuite hostname="Bhavana" failures="0" tests="1" name="testScript.AdminTest" time="8.773" errors="0" timestamp="2025-10-16T16:05:12 IST" skipped="0">
  <testcase classname="testScript.AdminTest" name="verifyUserIsAbleToSearchUser" time="8.773"/>
</testsuite> <!-- testScript.AdminTest -->
