<?xml version="1.0" encoding="UTF-8"?>
<!-- Generated by org.testng.reporters.JUnitReportReporter -->
<testsuite hostname="Bhavana" failures="0" tests="1" name="testScript.HomeTest" time="9.295" errors="0" timestamp="2025-10-16T16:51:12 IST" skipped="0">
  <testcase classname="testScript.HomeTest" name="verifyLoginWithValidCredential" time="9.295"/>
</testsuite> <!-- testScript.HomeTest -->
