<?xml version="1.0" encoding="UTF-8"?>
<!-- Generated by org.testng.reporters.JUnitReportReporter -->
<testsuite hostname="DESKTOP-FMLQ74F" failures="0" tests="1" name="testScript.Login_Test" time="7.949" errors="0" timestamp="2025-10-02T19:08:09 IST" skipped="0">
  <testcase classname="testScript.Login_Test" name="verifyLoginWithvalidUsernameInvalidPassword" time="7.949"/>
</testsuite> <!-- testScript.Login_Test -->
