<?xml version="1.0" encoding="UTF-8"?>
<!-- Generated by org.testng.reporters.JUnitReportReporter -->
<testsuite hostname="Bhavana" failures="0" tests="1" name="testScript.AdminTest" time="12.521" errors="0" timestamp="2025-10-16T19:16:01 IST" skipped="0">
  <testcase classname="testScript.AdminTest" name="verifyUserIsAbleToReset" time="12.521"/>
</testsuite> <!-- testScript.AdminTest -->
