<?xml version="1.0" encoding="UTF-8"?>
<!-- Generated by org.testng.reporters.JUnitReportReporter -->
<testsuite hostname="DESKTOP-FMLQ74F" failures="0" tests="1" name="testScript.ManageTest" time="9.202" errors="0" timestamp="2025-10-07T18:15:46 IST" skipped="0">
  <testcase classname="testScript.ManageTest" name="verifyWhetherUserIsAbleToSearchAddedNews" time="9.202"/>
</testsuite> <!-- testScript.ManageTest -->
