<?xml version="1.0" encoding="UTF-8"?>
<!-- Generated by org.testng.reporters.JUnitReportReporter -->
<testsuite hostname="Bhavana" failures="0" tests="1" name="testScript.ManageTest" time="11.989" errors="0" timestamp="2025-10-16T19:12:48 IST" skipped="0">
  <testcase classname="testScript.ManageTest" name="verifyWhetherUserIsAbleToSearchAddedNews" time="11.989"/>
</testsuite> <!-- testScript.ManageTest -->
