<?xml version="1.0" encoding="UTF-8"?>
<!-- Generated by org.testng.reporters.JUnitReportReporter -->
<testsuite hostname="DESKTOP-FMLQ74F" failures="0" tests="2" name="testScript.LoginTest" time="11.879" errors="0" timestamp="2025-10-09T14:32:55 IST" skipped="0">
  <testcase classname="testScript.LoginTest" name="verifyWetherUserIsAbleToLoginWithValidCredentials" time="7.322"/>
  <testcase classname="testScript.LoginTest" name="verifyWetherUserIsAbleToLoginWithInvalidUsernameAndInvalidPassword" time="4.557"/>
</testsuite> <!-- testScript.LoginTest -->
