<?xml version="1.0" encoding="UTF-8"?>
<!-- Generated by org.testng.reporters.JUnitReportReporter -->
<testsuite hostname="DESKTOP-FMLQ74F" failures="0" tests="1" name="testScript.AdminTest" time="8.380" errors="0" timestamp="2025-10-07T17:56:22 IST" skipped="0">
  <testcase classname="testScript.AdminTest" name="verifyUserIsAbleToSearchUser" time="8.380"/>
</testsuite> <!-- testScript.AdminTest -->
