<?xml version="1.0" encoding="UTF-8"?>
<!-- Generated by org.testng.reporters.JUnitReportReporter -->
<testsuite hostname="Bhavana" failures="0" tests="1" name="testScript.LoginTest" time="5.930" errors="0" timestamp="2025-10-16T16:29:56 IST" skipped="0">
  <testcase classname="testScript.LoginTest" name="verifyWetherUserIsAbleToLoginWithInvalidUsernameAndValidPassword" time="5.930"/>
</testsuite> <!-- testScript.LoginTest -->
