<?xml version="1.0" encoding="UTF-8"?>
<!-- Generated by org.testng.reporters.JUnitReportReporter -->
<testsuite hostname="Bhavana" failures="0" tests="1" name="testScript.ManageTest" time="9.168" errors="0" timestamp="2025-10-16T16:08:50 IST" skipped="0">
  <testcase classname="testScript.ManageTest" name="verifyWhetherUserIsAbleToAddNewNews" time="9.168"/>
</testsuite> <!-- testScript.ManageTest -->
