<?xml version="1.0" encoding="UTF-8"?>
<!-- Generated by org.testng.reporters.JUnitReportReporter -->
<testsuite hostname="Bhavana" failures="0" tests="1" name="testScript.HomeTest" time="7.855" errors="0" timestamp="2025-10-16T15:52:25 IST" skipped="0">
  <testcase classname="testScript.HomeTest" name="verifyLoginWithValidCredential" time="7.855"/>
</testsuite> <!-- testScript.HomeTest -->
