<?xml version="1.0" encoding="UTF-8"?>
<!-- Generated by org.testng.reporters.JUnitReportReporter -->
<testsuite hostname="DESKTOP-FMLQ74F" failures="0" tests="1" name="testScript.HomeTest" time="11.714" errors="0" timestamp="2025-10-06T19:06:10 IST" skipped="0">
  <testcase classname="testScript.HomeTest" name="verifyLoginWithValidCredential" time="11.714"/>
</testsuite> <!-- testScript.HomeTest -->
