<?xml version="1.0" encoding="UTF-8"?>
<!-- Generated by org.testng.reporters.JUnitReportReporter -->
<testsuite hostname="DESKTOP-FMLQ74F" failures="0" tests="2" name="testScript.LoginTest" time="13.026" errors="0" timestamp="2025-10-11T17:14:04 IST" skipped="0">
  <testcase classname="testScript.LoginTest" name="verifyWetherUserIsAbleToLoginWithInvalidUsernameAndInvalidPassword" time="6.021"/>
  <testcase classname="testScript.LoginTest" name="verifyWetherUserIsAbleToLoginWithInvalidUsernameAndInvalidPassword" time="7.005"/>
</testsuite> <!-- testScript.LoginTest -->
