<?xml version="1.0" encoding="UTF-8"?>
<!-- Generated by org.testng.reporters.JUnitReportReporter -->
<testsuite hostname="DESKTOP-FMLQ74F" failures="0" tests="1" name="testScript.LoginTest" time="10.944" errors="0" timestamp="2025-10-09T13:47:54 IST" skipped="0">
  <testcase classname="testScript.LoginTest" name="verifyWetherUserIsAbleToLoginWithValidCredentials" time="10.944"/>
</testsuite> <!-- testScript.LoginTest -->
